0.00  : 6.116
0.25  : 7.476
0.50  : 6.156
0.75  : 5.101
1.00  : 4.242
1.25  : 3.621
1.50  : 3.109
1.75  : 2.710
2.00  : 2.377
2.25  : 2.134
2.50  : 0.000
2.75  : 0.000
3.00  : 0.000
3.25  : 0.000
3.50  : 0.000
3.75  : 0.000
4.00  : 0.000
4.25  : 0.000
4.50  : 0.000
4.75  : 0.000
5.00  : 0.000
5.25  : 0.000
5.50  : 0.000
5.75  : 0.000
6.00  : 0.000
6.25  : 0.000
6.50  : 0.000
6.75  : 0.000
7.00  : 0.000
7.25  : 0.000
7.50  : 0.000
7.75  : 0.000
8.00  : 0.000
8.25  : 0.000
8.50  : 0.000
8.75  : 0.000
9.00  : 0.000
9.25  : 0.000
9.50  : 0.000
9.75  : 0.000
10.00  : 0.000
10.25  : 0.000
10.50  : 0.000
10.75  : 0.000
11.00  : 0.000
11.25  : 0.000
11.50  : 0.000
11.75  : 0.000
12.00  : 0.000
12.25  : 0.000
12.50  : 0.000
12.75  : 0.000
13.00  : 0.000
13.25  : 0.000
13.50  : 0.000
13.75  : 0.000
14.00  : 0.000
14.25  : 0.000
14.50  : 0.000
14.75  : 0.000
15.00  : 0.000
15.25  : 0.000
15.50  : 0.000
15.75  : 0.000
16.00  : 0.000
16.25  : 0.000
16.50  : 0.000
16.75  : 0.000
17.00  : 0.000
17.25  : 0.000
17.50  : 0.000
17.75  : 0.000
18.00  : 0.000
18.25  : 0.000
18.50  : 0.000
18.75  : 0.000
19.00  : 0.000
19.25  : 0.000
19.50  : 0.000
19.75  : 0.000
20.00  : 0.000
20.25  : 0.000
20.50  : 0.000
20.75  : 0.000
21.00  : 0.000
21.25  : 0.000
21.50  : 0.000
21.75  : 0.000
22.00  : 0.000
22.25  : 0.000
22.50  : 0.000
22.75  : 0.000
23.00  : 0.000
23.25  : 0.000
23.50  : 0.000
23.75  : 0.000
24.00  : 0.000
24.25  : 0.000
24.50  : 0.000
24.75  : 0.000
25.00  : 0.000
25.25  : 0.000
25.50  : 0.000
25.75  : 0.000
26.00  : 0.000
26.25  : 0.000
26.50  : 0.000
26.75  : 0.000
27.00  : 0.000
27.25  : 0.000
27.50  : 0.000
27.75  : 0.000
28.00  : 0.000
28.25  : 0.000
28.50  : 0.000
28.75  : 0.000
29.00  : 0.000
29.25  : 0.000
29.50  : 0.000
29.75  : 0.000
30.00  : 0.000
30.25  : 0.000
30.50  : 0.000
30.75  : 0.000
31.00  : 0.000
31.25  : 0.000
31.50  : 0.000
31.75  : 0.000
32.00  : 0.000
32.25  : 0.000
32.50  : 0.000
32.75  : 0.000
33.00  : 0.000
33.25  : 0.000
33.50  : 0.000
33.75  : 0.000
34.00  : 0.000
34.25  : 0.000
34.50  : 0.000
34.75  : 0.000
35.00  : 0.000
35.25  : 0.000
35.50  : 0.000
35.75  : 0.000
36.00  : 0.000
36.25  : 0.000
36.50  : 0.000
36.75  : 0.000
37.00  : 0.000
37.25  : 0.000
37.50  : 0.000
37.75  : 0.000
38.00  : 0.000
38.25  : 0.000
38.50  : 0.000
38.75  : 0.000
39.00  : 0.000
39.25  : 0.000
39.50  : 0.000
39.75  : 0.000
40.00  : 0.000
40.25  : 0.000
40.50  : 0.000
40.75  : 0.000
41.00  : 0.000
41.25  : 0.000
41.50  : 0.000
41.75  : 0.000
42.00  : 0.000
42.25  : 0.000
42.50  : 0.000
42.75  : 0.000
43.00  : 0.000
43.25  : 0.000
43.50  : 0.000
43.75  : 0.000
44.00  : 0.000
44.25  : 0.000
44.50  : 0.000
44.75  : 0.000
45.00  : 0.000
45.25  : 0.000
45.50  : 0.000
45.75  : 0.000
46.00  : 0.000
46.25  : 0.000
46.50  : 0.000
46.75  : 0.000
47.00  : 0.000
47.25  : 0.000
47.50  : 0.000
47.75  : 0.000
48.00  : 0.000
48.25  : 0.000
48.50  : 0.000
48.75  : 0.000
49.00  : 0.000
49.25  : 0.000
49.50  : 0.000
49.75  : 0.000
50.00  : 0.000
50.25  : 0.000
50.50  : 0.000
50.75  : 0.000
51.00  : 0.000
51.25  : 0.000
51.50  : 0.000
51.75  : 0.000
52.00  : 0.000
52.25  : 0.000
52.50  : 0.000
52.75  : 0.000
53.00  : 0.000
53.25  : 0.000
53.50  : 0.000
53.75  : 0.000
54.00  : 0.000
54.25  : 0.000
54.50  : -927628541542556723423739904.000
54.75  : 0.000
55.00  : -1145898755351009454861582336.000
55.25  : 0.000
55.50  : 0.000
55.75  : 0.000
56.00  : -1145905248604923400623751168.000
56.25  : 0.000
56.50  : -894885570811722269305339904.000
56.75  : 0.000
57.00  : 0.000
57.25  : 0.000
57.50  : -892732983352272954308165632.000
57.75  : 0.000
58.00  : 0.000
58.25  : 0.000
58.50  : 0.000
58.75  : 0.000
59.00  : 0.000
59.25  : 0.000
59.50  : 0.000
59.75  : 0.000
60.00  : 66906511892130383790080.000
60.25  : 0.000
60.50  : -205962915097355192790679552.000
60.75  : 0.000
61.00  : 0.000
61.25  : -nan
61.50  : 0.000
61.75  : 0.000
62.00  : 0.000
62.25  : 0.000
62.50  : 0.000
62.75  : 0.000
63.00  : 0.000
63.25  : 0.000
63.50  : -103557512472611398273204224.000
63.75  : 0.000
64.00  : 0.000
64.25  : 0.000
64.50  : 0.000
64.75  : 0.000
65.00  : 0.000
65.25  : -nan
65.50  : 0.000
65.75  : 0.000
66.00  : 0.000
66.25  : -nan
66.50  : 0.000
66.75  : 0.000
67.00  : 0.000
67.25  : 0.000
67.50  : 0.000
67.75  : 0.000
68.00  : 0.000
68.25  : 0.000
68.50  : -103558250342374346655268864.000
68.75  : 0.000
69.00  : 0.000
69.25  : 0.000
69.50  : 0.000
69.75  : 0.000
70.00  : 0.000
70.25  : 0.000
70.50  : 0.000
70.75  : 0.000
71.00  : -103558241119002309800493056.000
71.25  : 0.000
71.50  : -1145898755351009454861582336.000
71.75  : 0.000
72.00  : 0.000
72.25  : 0.000
72.50  : 0.000
72.75  : 0.000
73.00  : 0.000
73.25  : 0.000
73.50  : 0.000
73.75  : 0.000
74.00  : 0.000
74.25  : 0.000
74.50  : -893840968588316244816429056.000
74.75  : 0.000
75.00  : -209506313272985913141493760.000
75.25  : 0.000
75.50  : -1145898755351009454861582336.000
75.75  : 0.000
76.00  : 0.000
76.25  : 0.000
76.50  : -1145898755351009454861582336.000
76.75  : 0.000
77.00  : 0.000
77.25  : 0.000
77.50  : 0.000
77.75  : 0.000
78.00  : 0.000
78.25  : 0.000
78.50  : -103563194069786100815101952.000
78.75  : 0.000
79.00  : 0.000
79.25  : 0.000
79.50  : -893840968588316244816429056.000
79.75  : 0.000
80.00  : 0.000
80.25  : 0.000
80.50  : -246551507443667203725983744.000
80.75  : 0.000
81.00  : 0.000
81.25  : 0.000
81.50  : 0.000
81.75  : 0.000
82.00  : 0.000
82.25  : 0.000
82.50  : 0.000
82.75  : 0.000
83.00  : 0.000
83.25  : 0.000
83.50  : 0.000
83.75  : 0.000
84.00  : 0.000
84.25  : 0.000
84.50  : 0.000
84.75  : 0.000
85.00  : -103563563004667575006134272.000
85.25  : 0.000
85.50  : 0.000
85.75  : 0.000
86.00  : 0.000
86.25  : 0.000
86.50  : 0.000
86.75  : 0.000
87.00  : 0.000
87.25  : 0.000
87.50  : -871017550015678364984016896.000
87.75  : 0.000
88.00  : 0.000
88.25  : 0.000
88.50  : 0.000
88.75  : 0.000
89.00  : 0.000
89.25  : 0.000
89.50  : 0.000
89.75  : 0.000
